mode: set
failless/internal/pkg/chat/usecase/model.go:25.32,30.2 1 0
failless/internal/pkg/chat/usecase/model.go:43.50,45.35 2 0
failless/internal/pkg/chat/usecase/model.go:57.2,57.34 1 0
failless/internal/pkg/chat/usecase/model.go:45.35,46.38 1 0
failless/internal/pkg/chat/usecase/model.go:46.38,47.30 1 0
failless/internal/pkg/chat/usecase/model.go:47.30,49.19 2 0
failless/internal/pkg/chat/usecase/model.go:49.19,52.6 2 0
failless/internal/pkg/chat/usecase/model.go:57.34,59.3 1 0
failless/internal/pkg/chat/usecase/model.go:64.25,67.6 2 0
failless/internal/pkg/chat/usecase/model.go:67.6,72.17 3 0
failless/internal/pkg/chat/usecase/model.go:82.3,85.17 3 0
failless/internal/pkg/chat/usecase/model.go:97.3,97.31 1 0
failless/internal/pkg/chat/usecase/model.go:72.17,76.4 3 0
failless/internal/pkg/chat/usecase/model.go:85.17,91.18 3 0
failless/internal/pkg/chat/usecase/model.go:91.18,95.5 3 0
failless/internal/pkg/chat/usecase/model.go:101.66,104.16 2 1
failless/internal/pkg/chat/usecase/model.go:109.2,109.25 1 1
failless/internal/pkg/chat/usecase/model.go:104.16,107.3 2 1
failless/internal/pkg/chat/usecase/model.go:112.74,114.2 1 1
failless/internal/pkg/chat/usecase/model.go:116.67,117.35 1 1
failless/internal/pkg/chat/usecase/model.go:121.2,123.16 3 1
failless/internal/pkg/chat/usecase/model.go:127.2,128.29 2 0
failless/internal/pkg/chat/usecase/model.go:131.2,133.10 3 0
failless/internal/pkg/chat/usecase/model.go:117.35,119.3 1 1
failless/internal/pkg/chat/usecase/model.go:123.16,126.3 2 1
failless/internal/pkg/chat/usecase/model.go:128.29,130.3 1 0
failless/internal/pkg/chat/usecase/model.go:136.75,139.16 2 1
failless/internal/pkg/chat/usecase/model.go:143.2,143.10 1 1
failless/internal/pkg/chat/usecase/model.go:148.2,149.16 2 1
failless/internal/pkg/chat/usecase/model.go:155.2,157.27 3 1
failless/internal/pkg/chat/usecase/model.go:139.16,142.3 2 1
failless/internal/pkg/chat/usecase/model.go:143.10,146.3 2 1
failless/internal/pkg/chat/usecase/model.go:149.16,152.3 2 1
failless/internal/pkg/chat/usecase/model.go:160.105,162.24 2 1
failless/internal/pkg/chat/usecase/model.go:165.2,165.101 1 1
failless/internal/pkg/chat/usecase/model.go:162.24,164.3 1 1
failless/internal/pkg/chat/usecase/model.go:168.94,170.2 1 1
failless/internal/pkg/chat/usecase/model.go:172.101,174.2 1 1
failless/internal/pkg/chat/delivery/http.go:19.34,23.2 1 0
failless/internal/pkg/chat/delivery/http.go:25.99,28.13 3 1
failless/internal/pkg/chat/delivery/http.go:31.2,32.55 2 1
failless/internal/pkg/chat/delivery/http.go:37.2,39.16 3 1
failless/internal/pkg/chat/delivery/http.go:44.2,46.16 3 1
failless/internal/pkg/chat/delivery/http.go:50.2,51.45 2 1
failless/internal/pkg/chat/delivery/http.go:28.13,30.3 1 1
failless/internal/pkg/chat/delivery/http.go:32.55,35.3 2 1
failless/internal/pkg/chat/delivery/http.go:39.16,42.3 2 1
failless/internal/pkg/chat/delivery/http.go:46.16,49.3 2 1
failless/internal/pkg/chat/delivery/http.go:54.103,57.13 3 1
failless/internal/pkg/chat/delivery/http.go:60.2,61.55 2 1
failless/internal/pkg/chat/delivery/http.go:66.2,68.27 3 1
failless/internal/pkg/chat/delivery/http.go:73.2,73.43 1 1
failless/internal/pkg/chat/delivery/http.go:57.13,59.3 1 1
failless/internal/pkg/chat/delivery/http.go:61.55,64.3 2 1
failless/internal/pkg/chat/delivery/http.go:68.27,71.3 2 1
failless/internal/pkg/chat/delivery/http.go:76.98,79.13 3 1
failless/internal/pkg/chat/delivery/http.go:83.2,85.16 3 1
failless/internal/pkg/chat/delivery/http.go:91.2,91.31 1 1
failless/internal/pkg/chat/delivery/http.go:96.2,97.16 2 1
failless/internal/pkg/chat/delivery/http.go:102.2,103.45 2 1
failless/internal/pkg/chat/delivery/http.go:79.13,81.3 1 1
failless/internal/pkg/chat/delivery/http.go:85.16,89.3 3 1
failless/internal/pkg/chat/delivery/http.go:91.31,94.3 2 1
failless/internal/pkg/chat/delivery/http.go:97.16,101.3 3 1
failless/internal/pkg/chat/delivery/ws.go:13.42,15.3 1 0
failless/internal/pkg/chat/delivery/ws.go:22.96,24.16 2 0
failless/internal/pkg/chat/delivery/ws.go:31.2,32.43 2 0
failless/internal/pkg/chat/delivery/ws.go:37.2,37.37 1 0
failless/internal/pkg/chat/delivery/ws.go:24.16,28.3 3 0
failless/internal/pkg/chat/delivery/ws.go:32.43,35.3 2 0
failless/internal/pkg/aws/aws.go:29.37,38.2 2 1
failless/internal/pkg/aws/aws.go:40.84,52.2 2 0
failless/internal/pkg/aws/aws.go:54.94,63.16 3 1
failless/internal/pkg/aws/aws.go:67.2,67.20 1 1
failless/internal/pkg/aws/aws.go:63.16,65.3 1 0
failless/internal/pkg/event/delivery/http.go:21.35,25.2 1 0
failless/internal/pkg/event/delivery/http.go:27.103,30.16 3 1
failless/internal/pkg/event/delivery/http.go:35.2,37.28 2 1
failless/internal/pkg/event/delivery/http.go:41.2,42.96 2 1
failless/internal/pkg/event/delivery/http.go:46.2,46.43 1 1
failless/internal/pkg/event/delivery/http.go:30.16,33.3 2 1
failless/internal/pkg/event/delivery/http.go:37.28,39.3 1 1
failless/internal/pkg/event/delivery/http.go:42.96,45.3 2 1
failless/internal/pkg/event/delivery/http.go:49.102,51.13 2 1
failless/internal/pkg/event/delivery/http.go:56.2,57.16 2 1
failless/internal/pkg/event/delivery/http.go:63.2,63.43 1 1
failless/internal/pkg/event/delivery/http.go:51.13,53.3 1 1
failless/internal/pkg/event/delivery/http.go:57.16,61.3 3 1
failless/internal/pkg/event/delivery/http.go:66.104,68.13 2 1
failless/internal/pkg/event/delivery/http.go:73.2,76.16 4 1
failless/internal/pkg/event/delivery/http.go:83.2,83.27 1 1
failless/internal/pkg/event/delivery/http.go:89.2,89.51 1 1
failless/internal/pkg/event/delivery/http.go:97.2,98.16 2 1
failless/internal/pkg/event/delivery/http.go:104.2,104.42 1 1
failless/internal/pkg/event/delivery/http.go:68.13,70.3 1 1
failless/internal/pkg/event/delivery/http.go:76.16,80.3 3 1
failless/internal/pkg/event/delivery/http.go:83.27,86.3 2 1
failless/internal/pkg/event/delivery/http.go:89.51,91.65 1 1
failless/internal/pkg/event/delivery/http.go:91.65,94.4 2 1
failless/internal/pkg/event/delivery/http.go:98.16,102.3 3 1
failless/internal/pkg/event/delivery/http.go:107.104,109.13 2 1
failless/internal/pkg/event/delivery/http.go:113.2,116.16 4 1
failless/internal/pkg/event/delivery/http.go:122.2,123.16 2 1
failless/internal/pkg/event/delivery/http.go:128.2,128.33 1 1
failless/internal/pkg/event/delivery/http.go:109.13,111.3 1 1
failless/internal/pkg/event/delivery/http.go:116.16,120.3 3 1
failless/internal/pkg/event/delivery/http.go:123.16,126.3 2 1
failless/internal/pkg/event/delivery/http.go:131.105,133.13 2 1
failless/internal/pkg/event/delivery/http.go:137.2,138.13 2 1
failless/internal/pkg/event/delivery/http.go:142.2,143.27 2 1
failless/internal/pkg/event/delivery/http.go:148.2,148.45 1 1
failless/internal/pkg/event/delivery/http.go:133.13,135.3 1 1
failless/internal/pkg/event/delivery/http.go:138.13,140.3 1 1
failless/internal/pkg/event/delivery/http.go:143.27,146.3 2 1
failless/internal/pkg/event/delivery/http.go:151.105,153.13 2 1
failless/internal/pkg/event/delivery/http.go:157.2,160.16 4 1
failless/internal/pkg/event/delivery/http.go:165.2,165.30 1 1
failless/internal/pkg/event/delivery/http.go:171.2,171.54 1 1
failless/internal/pkg/event/delivery/http.go:179.2,180.27 2 1
failless/internal/pkg/event/delivery/http.go:185.2,185.46 1 1
failless/internal/pkg/event/delivery/http.go:153.13,155.3 1 1
failless/internal/pkg/event/delivery/http.go:160.16,164.3 3 1
failless/internal/pkg/event/delivery/http.go:165.30,168.3 2 1
failless/internal/pkg/event/delivery/http.go:171.54,173.68 1 1
failless/internal/pkg/event/delivery/http.go:173.68,176.4 2 1
failless/internal/pkg/event/delivery/http.go:180.27,183.3 2 1
failless/internal/pkg/event/delivery/http.go:188.102,190.2 1 1
failless/internal/pkg/event/delivery/http.go:192.105,194.2 1 1
failless/internal/pkg/event/delivery/http.go:196.105,198.2 1 1
failless/internal/pkg/event/delivery/http.go:200.104,201.53 1 1
failless/internal/pkg/event/delivery/http.go:205.2,205.57 1 1
failless/internal/pkg/event/delivery/http.go:209.2,211.16 3 1
failless/internal/pkg/event/delivery/http.go:217.2,218.27 2 1
failless/internal/pkg/event/delivery/http.go:223.2,223.45 1 1
failless/internal/pkg/event/delivery/http.go:201.53,203.3 1 1
failless/internal/pkg/event/delivery/http.go:205.57,207.3 1 1
failless/internal/pkg/event/delivery/http.go:211.16,215.3 3 1
failless/internal/pkg/event/delivery/http.go:218.27,221.3 2 1
failless/internal/pkg/event/delivery/http.go:226.105,227.53 1 1
failless/internal/pkg/event/delivery/http.go:231.2,231.57 1 1
failless/internal/pkg/event/delivery/http.go:235.2,237.16 3 1
failless/internal/pkg/event/delivery/http.go:243.2,244.27 2 1
failless/internal/pkg/event/delivery/http.go:249.2,249.45 1 1
failless/internal/pkg/event/delivery/http.go:227.53,229.3 1 1
failless/internal/pkg/event/delivery/http.go:231.57,233.3 1 1
failless/internal/pkg/event/delivery/http.go:237.16,241.3 3 1
failless/internal/pkg/event/delivery/http.go:244.27,247.3 2 1
failless/internal/pkg/event/delivery/http.go:252.102,254.2 1 1
failless/internal/pkg/event/delivery/http.go:256.99,258.2 1 1
failless/internal/pkg/event/delivery/http.go:260.102,262.2 1 1
failless/internal/pkg/event/delivery/http.go:264.102,266.2 1 1
failless/internal/pkg/event/delivery/http.go:268.109,270.2 1 1
failless/internal/pkg/event/delivery/http.go:272.112,274.2 1 1
failless/internal/pkg/network/response_writers.go:11.72,13.16 2 0
failless/internal/pkg/network/response_writers.go:18.2,21.16 4 0
failless/internal/pkg/network/response_writers.go:25.2,25.26 1 0
failless/internal/pkg/network/response_writers.go:13.16,16.3 2 0
failless/internal/pkg/network/response_writers.go:21.16,24.3 2 0
failless/internal/pkg/network/response_writers.go:28.84,32.16 4 1
failless/internal/pkg/network/response_writers.go:36.2,37.24 2 1
failless/internal/pkg/network/response_writers.go:32.16,35.3 2 0
failless/internal/pkg/network/response_writers.go:40.63,42.2 1 0
failless/internal/pkg/network/test_helper.go:21.66,25.16 4 0
failless/internal/pkg/network/test_helper.go:28.2,28.17 1 0
failless/internal/pkg/network/test_helper.go:25.16,27.3 1 0
failless/internal/pkg/network/login.go:24.55,38.16 5 1
failless/internal/pkg/network/login.go:41.2,41.25 1 1
failless/internal/pkg/network/login.go:38.16,40.3 1 0
failless/internal/pkg/network/login.go:45.64,47.16 2 1
failless/internal/pkg/network/login.go:51.2,59.12 3 1
failless/internal/pkg/network/login.go:47.16,49.3 1 0
failless/internal/pkg/network/login.go:62.42,70.2 1 1
failless/internal/pkg/network/login.go:72.57,82.2 2 0
failless/internal/pkg/network/request.go:8.91,10.16 2 1
failless/internal/pkg/network/request.go:14.2,14.12 1 1
failless/internal/pkg/network/request.go:10.16,13.3 2 1
failless/internal/pkg/network/request.go:17.92,19.16 2 0
failless/internal/pkg/network/request.go:23.2,23.12 1 0
failless/internal/pkg/network/request.go:19.16,22.3 2 0
failless/internal/pkg/network/request.go:26.92,28.16 2 1
failless/internal/pkg/network/request.go:31.2,31.13 1 1
failless/internal/pkg/network/request.go:28.16,30.3 1 1
failless/internal/pkg/security/security.go:27.51,30.2 2 1
failless/internal/pkg/security/security.go:35.55,37.2 1 1
failless/internal/pkg/security/security.go:43.67,45.17 2 1
failless/internal/pkg/security/security.go:50.2,51.18 2 1
failless/internal/pkg/security/security.go:56.2,56.17 1 1
failless/internal/pkg/security/security.go:45.17,48.3 2 1
failless/internal/pkg/security/security.go:51.18,54.3 2 1
failless/internal/pkg/security/security.go:59.58,61.17 2 1
failless/internal/pkg/security/security.go:65.2,66.18 2 1
failless/internal/pkg/security/security.go:70.2,70.18 1 1
failless/internal/pkg/security/security.go:61.17,63.3 1 1
failless/internal/pkg/security/security.go:66.18,68.3 1 1
failless/internal/pkg/security/security.go:73.99,77.55 3 1
failless/internal/pkg/security/security.go:81.2,81.24 1 1
failless/internal/pkg/security/security.go:86.2,86.17 1 1
failless/internal/pkg/security/security.go:77.55,79.3 1 1
failless/internal/pkg/security/security.go:81.24,84.3 2 1
failless/internal/pkg/security/security.go:91.54,94.16 3 1
failless/internal/pkg/security/security.go:97.2,97.19 1 1
failless/internal/pkg/security/security.go:94.16,96.3 1 0
failless/internal/pkg/security/security.go:104.52,106.16 2 1
failless/internal/pkg/security/security.go:110.2,111.26 2 1
failless/internal/pkg/security/security.go:114.2,114.27 1 1
failless/internal/pkg/security/security.go:106.16,108.3 1 0
failless/internal/pkg/security/security.go:111.26,113.3 1 1
failless/internal/pkg/security/security.go:121.48,123.16 2 1
failless/internal/pkg/security/security.go:126.2,134.12 2 1
failless/internal/pkg/security/security.go:123.16,125.3 1 0
failless/internal/pkg/settings/secrtes.go:5.45,6.32 1 0
failless/internal/pkg/settings/secrtes.go:12.2,12.13 1 0
failless/internal/pkg/settings/secrtes.go:6.32,8.10 2 0
failless/internal/pkg/settings/secrtes.go:8.10,10.4 1 0
failless/internal/pkg/settings/settings.go:49.55,51.2 1 0
failless/internal/pkg/settings/settings.go:54.59,56.2 1 0
failless/internal/pkg/settings/settings.go:59.55,61.2 1 0
failless/internal/pkg/settings/settings.go:64.77,66.2 1 0
failless/internal/pkg/settings/settings.go:68.58,70.2 1 0
failless/internal/pkg/settings/settings.go:82.51,84.2 1 0
failless/internal/pkg/event/usecase/events.go:26.33,30.2 1 0
failless/internal/pkg/event/usecase/events.go:32.87,35.2 1 1
failless/internal/pkg/event/usecase/events.go:37.107,42.2 4 1
failless/internal/pkg/event/usecase/events.go:44.112,50.16 4 1
failless/internal/pkg/event/usecase/events.go:58.2,58.33 1 1
failless/internal/pkg/event/usecase/events.go:50.16,56.3 1 1
failless/internal/pkg/event/usecase/events.go:61.133,62.22 1 1
failless/internal/pkg/event/usecase/events.go:75.2,75.27 1 1
failless/internal/pkg/event/usecase/events.go:62.22,65.17 2 1
failless/internal/pkg/event/usecase/events.go:65.17,67.4 1 1
failless/internal/pkg/event/usecase/events.go:68.8,70.17 2 1
failless/internal/pkg/event/usecase/events.go:70.17,72.4 1 1
failless/internal/pkg/event/usecase/events.go:78.81,80.2 1 1
failless/internal/pkg/event/usecase/events.go:82.81,85.16 2 1
failless/internal/pkg/event/usecase/events.go:93.2,93.23 1 1
failless/internal/pkg/event/usecase/events.go:85.16,91.3 1 1
failless/internal/pkg/event/usecase/events.go:96.88,99.16 2 1
failless/internal/pkg/event/usecase/events.go:107.2,107.23 1 1
failless/internal/pkg/event/usecase/events.go:99.16,105.3 1 1
failless/internal/pkg/event/usecase/events.go:110.89,113.16 2 1
failless/internal/pkg/event/usecase/events.go:121.2,121.23 1 1
failless/internal/pkg/event/usecase/events.go:113.16,119.3 1 1
failless/internal/pkg/forms/form_signup.go:22.44,23.30 1 1
failless/internal/pkg/forms/form_signup.go:26.2,28.34 3 1
failless/internal/pkg/forms/form_signup.go:35.2,35.52 1 1
failless/internal/pkg/forms/form_signup.go:38.2,39.13 2 1
failless/internal/pkg/forms/form_signup.go:23.30,25.3 1 0
failless/internal/pkg/forms/form_signup.go:28.34,29.33 1 1
failless/internal/pkg/forms/form_signup.go:29.33,31.4 1 1
failless/internal/pkg/forms/form_signup.go:31.9,33.4 1 1
failless/internal/pkg/forms/form_signup.go:35.52,37.3 1 1
failless/internal/pkg/forms/form_signup.go:42.41,43.24 1 1
failless/internal/pkg/forms/form_signup.go:46.2,46.34 1 1
failless/internal/pkg/forms/form_signup.go:50.2,52.14 3 1
failless/internal/pkg/forms/form_signup.go:43.24,45.3 1 1
failless/internal/pkg/forms/form_signup.go:46.34,49.3 2 1
failless/internal/pkg/forms/form_signup.go:55.41,58.30 3 1
failless/internal/pkg/forms/form_signup.go:65.2,66.43 2 1
failless/internal/pkg/forms/form_signup.go:70.2,72.14 3 1
failless/internal/pkg/forms/form_signup.go:58.30,59.31 1 1
failless/internal/pkg/forms/form_signup.go:59.31,61.4 1 1
failless/internal/pkg/forms/form_signup.go:61.9,63.4 1 1
failless/internal/pkg/forms/form_signup.go:66.43,69.3 2 1
failless/internal/pkg/forms/form_signup.go:75.36,77.2 1 1
failless/internal/pkg/forms/form_signup.go:79.53,85.2 5 0
failless/internal/pkg/forms/form_signup.go:87.63,93.2 5 0
failless/internal/pkg/forms/form_mid-event.go:20.50,22.10 2 0
failless/internal/pkg/forms/form_mid-event.go:25.2,25.12 1 0
failless/internal/pkg/forms/form_mid-event.go:22.10,24.3 1 0
failless/internal/pkg/forms/form_mid-event.go:28.47,30.10 2 0
failless/internal/pkg/forms/form_mid-event.go:33.2,33.12 1 0
failless/internal/pkg/forms/form_mid-event.go:30.10,32.3 1 0
failless/internal/pkg/forms/form_mid-event.go:36.49,37.21 1 0
failless/internal/pkg/forms/form_mid-event.go:42.2,42.36 1 0
failless/internal/pkg/forms/form_mid-event.go:47.2,47.38 1 0
failless/internal/pkg/forms/form_mid-event.go:51.2,51.13 1 0
failless/internal/pkg/forms/form_mid-event.go:37.21,40.3 2 0
failless/internal/pkg/forms/form_mid-event.go:42.36,45.3 2 0
failless/internal/pkg/forms/form_mid-event.go:47.38,50.3 2 0
failless/internal/pkg/forms/form_mid-event.go:54.42,57.2 1 0
failless/internal/pkg/forms/form_mid-event.go:59.62,70.45 2 0
failless/internal/pkg/forms/form_mid-event.go:75.2,75.33 1 0
failless/internal/pkg/forms/form_mid-event.go:70.45,73.3 2 0
failless/internal/pkg/forms/form_mid-event.go:75.33,77.3 1 0
failless/internal/pkg/forms/form_small-event.go:22.49,24.10 2 0
failless/internal/pkg/forms/form_small-event.go:27.2,27.12 1 0
failless/internal/pkg/forms/form_small-event.go:24.10,26.3 1 0
failless/internal/pkg/forms/form_small-event.go:30.51,31.21 1 0
failless/internal/pkg/forms/form_small-event.go:36.2,36.36 1 0
failless/internal/pkg/forms/form_small-event.go:41.2,41.38 1 0
failless/internal/pkg/forms/form_small-event.go:45.2,45.13 1 0
failless/internal/pkg/forms/form_small-event.go:31.21,34.3 2 0
failless/internal/pkg/forms/form_small-event.go:36.36,39.3 2 0
failless/internal/pkg/forms/form_small-event.go:41.38,44.3 2 0
failless/internal/pkg/forms/form_small-event.go:48.44,50.2 1 0
failless/internal/pkg/forms/form_small-event.go:52.66,61.45 2 0
failless/internal/pkg/forms/form_small-event.go:66.2,66.33 1 0
failless/internal/pkg/forms/form_small-event.go:61.45,64.3 2 0
failless/internal/pkg/forms/form_small-event.go:66.33,68.3 1 0
failless/internal/pkg/forms/form_general.go:21.45,23.2 1 1
failless/internal/pkg/forms/form_general.go:25.83,27.16 2 1
failless/internal/pkg/forms/form_general.go:31.2,54.12 5 1
failless/internal/pkg/forms/form_general.go:27.16,29.3 1 0
failless/internal/pkg/forms/form_general.go:57.56,59.25 2 0
failless/internal/pkg/forms/form_general.go:67.2,74.35 8 0
failless/internal/pkg/forms/form_general.go:59.25,62.3 1 0
failless/internal/pkg/forms/form_general.go:62.8,65.3 1 0
failless/internal/pkg/forms/form_general.go:74.35,76.3 1 0
failless/internal/pkg/forms/form_message.go:27.31,29.2 1 0
failless/internal/pkg/forms/form_eimage.go:29.51,32.16 2 1
failless/internal/pkg/forms/form_eimage.go:37.2,38.16 2 1
failless/internal/pkg/forms/form_eimage.go:41.2,41.74 1 1
failless/internal/pkg/forms/form_eimage.go:32.16,35.3 2 0
failless/internal/pkg/forms/form_eimage.go:38.16,40.3 1 0
failless/internal/pkg/forms/form_eimage.go:44.35,49.16 5 1
failless/internal/pkg/forms/form_eimage.go:52.2,53.12 2 1
failless/internal/pkg/forms/form_eimage.go:49.16,51.3 1 0
failless/internal/pkg/forms/form_eimage.go:56.54,60.2 3 1
failless/internal/pkg/forms/form_eimage.go:62.59,65.16 3 1
failless/internal/pkg/forms/form_eimage.go:69.2,69.17 1 1
failless/internal/pkg/forms/form_eimage.go:65.16,67.3 1 0
failless/internal/pkg/forms/form_event.go:31.46,34.9 3 1
failless/internal/pkg/forms/form_event.go:37.2,37.12 1 1
failless/internal/pkg/forms/form_event.go:34.9,36.3 1 1
failless/internal/pkg/forms/form_event.go:40.43,42.9 2 1
failless/internal/pkg/forms/form_event.go:45.2,45.12 1 1
failless/internal/pkg/forms/form_event.go:42.9,44.3 1 1
failless/internal/pkg/forms/form_event.go:48.44,51.9 2 1
failless/internal/pkg/forms/form_event.go:54.2,54.12 1 1
failless/internal/pkg/forms/form_event.go:51.9,53.3 1 1
failless/internal/pkg/forms/form_event.go:57.45,58.20 1 1
failless/internal/pkg/forms/form_event.go:62.2,62.35 1 1
failless/internal/pkg/forms/form_event.go:66.2,66.39 1 1
failless/internal/pkg/forms/form_event.go:69.2,70.13 2 1
failless/internal/pkg/forms/form_event.go:58.20,60.3 1 1
failless/internal/pkg/forms/form_event.go:62.35,64.3 1 1
failless/internal/pkg/forms/form_event.go:66.39,68.3 1 1
failless/internal/pkg/forms/form_event.go:73.38,76.2 1 0
failless/internal/pkg/tag/delivery/http.go:15.33,19.2 1 0
failless/internal/pkg/tag/delivery/http.go:21.94,23.65 2 1
failless/internal/pkg/tag/delivery/http.go:28.2,28.41 1 1
failless/internal/pkg/tag/delivery/http.go:23.65,26.3 2 1
failless/internal/pkg/tag/repository/sql-memory.go:22.43,24.2 1 0
failless/internal/pkg/tag/repository/sql-memory.go:26.64,28.16 2 1
failless/internal/pkg/tag/repository/sql-memory.go:32.2,33.18 2 0
failless/internal/pkg/tag/repository/sql-memory.go:44.2,45.16 2 0
failless/internal/pkg/tag/repository/sql-memory.go:48.2,48.18 1 0
failless/internal/pkg/tag/repository/sql-memory.go:28.16,30.3 1 1
failless/internal/pkg/tag/repository/sql-memory.go:33.18,38.17 3 0
failless/internal/pkg/tag/repository/sql-memory.go:41.3,41.27 1 0
failless/internal/pkg/tag/repository/sql-memory.go:38.17,40.4 1 0
failless/internal/pkg/tag/repository/sql-memory.go:45.16,47.3 1 0
failless/internal/pkg/tag/usecase/tag.go:16.31,20.2 1 0
failless/internal/pkg/tag/usecase/tag.go:22.86,24.16 2 1
failless/internal/pkg/tag/usecase/tag.go:27.2,27.27 1 1
failless/internal/pkg/tag/usecase/tag.go:24.16,26.3 1 1
failless/internal/pkg/user/delivery/http.go:23.34,27.2 1 0
failless/internal/pkg/user/delivery/http.go:31.105,33.13 2 1
failless/internal/pkg/user/delivery/http.go:37.2,39.16 3 1
failless/internal/pkg/user/delivery/http.go:45.2,46.63 2 1
failless/internal/pkg/user/delivery/http.go:51.2,51.41 1 1
failless/internal/pkg/user/delivery/http.go:33.13,35.3 1 1
failless/internal/pkg/user/delivery/http.go:39.16,43.3 3 1
failless/internal/pkg/user/delivery/http.go:46.63,49.3 2 1
failless/internal/pkg/user/delivery/http.go:54.100,56.13 2 1
failless/internal/pkg/user/delivery/http.go:60.2,62.16 3 1
failless/internal/pkg/user/delivery/http.go:68.2,69.27 2 1
failless/internal/pkg/user/delivery/http.go:74.2,74.43 1 1
failless/internal/pkg/user/delivery/http.go:56.13,58.3 1 1
failless/internal/pkg/user/delivery/http.go:62.16,66.3 3 1
failless/internal/pkg/user/delivery/http.go:69.27,72.3 2 1
failless/internal/pkg/user/delivery/http.go:77.99,79.13 2 1
failless/internal/pkg/user/delivery/http.go:83.2,85.16 3 1
failless/internal/pkg/user/delivery/http.go:91.2,92.27 2 1
failless/internal/pkg/user/delivery/http.go:97.2,97.42 1 1
failless/internal/pkg/user/delivery/http.go:79.13,81.3 1 1
failless/internal/pkg/user/delivery/http.go:85.16,89.3 3 1
failless/internal/pkg/user/delivery/http.go:92.27,95.3 2 1
failless/internal/pkg/user/delivery/http.go:100.101,102.13 2 1
failless/internal/pkg/user/delivery/http.go:106.2,108.16 3 1
failless/internal/pkg/user/delivery/http.go:113.2,113.31 1 1
failless/internal/pkg/user/delivery/http.go:122.2,123.37 2 1
failless/internal/pkg/user/delivery/http.go:128.2,128.47 1 0
failless/internal/pkg/user/delivery/http.go:102.13,104.3 1 1
failless/internal/pkg/user/delivery/http.go:108.16,111.3 2 1
failless/internal/pkg/user/delivery/http.go:113.31,114.39 1 1
failless/internal/pkg/user/delivery/http.go:114.39,115.96 1 1
failless/internal/pkg/user/delivery/http.go:115.96,118.5 2 1
failless/internal/pkg/user/delivery/http.go:123.37,126.3 2 1
failless/internal/pkg/user/delivery/http.go:131.102,133.55 2 1
failless/internal/pkg/user/delivery/http.go:137.2,139.63 3 1
failless/internal/pkg/user/delivery/http.go:144.2,144.44 1 1
failless/internal/pkg/user/delivery/http.go:133.55,135.3 1 1
failless/internal/pkg/user/delivery/http.go:139.63,142.3 2 1
failless/internal/pkg/user/delivery/http.go:147.109,150.13 2 1
failless/internal/pkg/user/delivery/http.go:154.2,157.27 4 1
failless/internal/pkg/user/delivery/http.go:162.2,162.48 1 1
failless/internal/pkg/user/delivery/http.go:150.13,152.3 1 1
failless/internal/pkg/user/delivery/http.go:157.27,160.3 2 1
failless/internal/pkg/user/delivery/http.go:165.115,167.13 2 1
failless/internal/pkg/user/delivery/http.go:171.2,173.27 3 1
failless/internal/pkg/user/delivery/http.go:178.2,178.47 1 1
failless/internal/pkg/user/delivery/http.go:167.13,169.3 1 1
failless/internal/pkg/user/delivery/http.go:173.27,176.3 2 1
failless/internal/pkg/user/delivery/http.go:181.111,183.13 2 1
failless/internal/pkg/user/delivery/http.go:187.2,189.27 3 1
failless/internal/pkg/user/delivery/http.go:194.2,194.51 1 1
failless/internal/pkg/user/delivery/http.go:183.13,185.3 1 1
failless/internal/pkg/user/delivery/http.go:189.27,192.3 2 1
failless/internal/pkg/user/delivery/http.go:199.98,201.17 2 1
failless/internal/pkg/user/delivery/http.go:205.2,205.63 1 1
failless/internal/pkg/user/delivery/http.go:201.17,204.3 2 1
failless/internal/pkg/user/delivery/http.go:210.93,215.16 4 1
failless/internal/pkg/user/delivery/http.go:220.2,220.87 1 1
failless/internal/pkg/user/delivery/http.go:226.2,231.16 2 0
failless/internal/pkg/user/delivery/http.go:236.2,236.19 1 0
failless/internal/pkg/user/delivery/http.go:241.2,247.18 2 0
failless/internal/pkg/user/delivery/http.go:251.2,252.41 2 0
failless/internal/pkg/user/delivery/http.go:215.16,218.3 2 1
failless/internal/pkg/user/delivery/http.go:220.87,224.3 3 1
failless/internal/pkg/user/delivery/http.go:231.16,235.3 3 0
failless/internal/pkg/user/delivery/http.go:236.19,239.3 2 0
failless/internal/pkg/user/delivery/http.go:247.18,249.3 1 0
failless/internal/pkg/user/delivery/http.go:255.93,258.2 2 1
failless/internal/pkg/user/delivery/http.go:262.93,264.17 2 1
failless/internal/pkg/user/delivery/http.go:269.2,271.16 3 1
failless/internal/pkg/user/delivery/http.go:276.2,277.9 2 1
failless/internal/pkg/user/delivery/http.go:282.2,288.47 3 1
failless/internal/pkg/user/delivery/http.go:293.2,293.18 1 1
failless/internal/pkg/user/delivery/http.go:298.2,298.58 1 1
failless/internal/pkg/user/delivery/http.go:304.2,305.41 2 1
failless/internal/pkg/user/delivery/http.go:264.17,267.3 2 1
failless/internal/pkg/user/delivery/http.go:271.16,274.3 2 1
failless/internal/pkg/user/delivery/http.go:277.9,280.3 2 1
failless/internal/pkg/user/delivery/http.go:288.47,291.3 2 1
failless/internal/pkg/user/delivery/http.go:293.18,296.3 2 0
failless/internal/pkg/user/delivery/http.go:298.58,302.3 3 1
failless/internal/pkg/user/delivery/http.go:310.99,312.13 2 1
failless/internal/pkg/user/delivery/http.go:316.2,318.16 3 1
failless/internal/pkg/user/delivery/http.go:324.2,326.28 2 1
failless/internal/pkg/user/delivery/http.go:331.2,332.92 2 1
failless/internal/pkg/user/delivery/http.go:337.2,338.27 2 1
failless/internal/pkg/user/delivery/http.go:342.2,342.48 1 1
failless/internal/pkg/user/delivery/http.go:312.13,314.3 1 1
failless/internal/pkg/user/delivery/http.go:318.16,322.3 3 1
failless/internal/pkg/user/delivery/http.go:326.28,328.3 1 1
failless/internal/pkg/user/delivery/http.go:332.92,335.3 2 1
failless/internal/pkg/user/delivery/http.go:338.27,340.3 1 1
failless/internal/pkg/user/usecase/model.go:36.32,41.2 1 0
failless/internal/pkg/user/usecase/model.go:43.122,45.16 2 1
failless/internal/pkg/user/usecase/model.go:49.2,51.16 2 1
failless/internal/pkg/user/usecase/model.go:55.2,56.27 2 1
failless/internal/pkg/user/usecase/model.go:45.16,47.3 1 1
failless/internal/pkg/user/usecase/model.go:51.16,53.3 1 1
failless/internal/pkg/user/usecase/model.go:59.115,63.16 2 1
failless/internal/pkg/user/usecase/model.go:70.2,70.23 1 1
failless/internal/pkg/user/usecase/model.go:63.16,69.3 1 1
failless/internal/pkg/user/usecase/model.go:73.121,76.34 2 1
failless/internal/pkg/user/usecase/model.go:114.2,114.36 1 1
failless/internal/pkg/user/usecase/model.go:76.34,87.17 10 1
failless/internal/pkg/user/usecase/model.go:94.3,95.17 2 1
failless/internal/pkg/user/usecase/model.go:102.3,103.17 2 1
failless/internal/pkg/user/usecase/model.go:111.3,111.48 1 1
failless/internal/pkg/user/usecase/model.go:87.17,93.4 1 1
failless/internal/pkg/user/usecase/model.go:95.17,101.4 1 1
failless/internal/pkg/user/usecase/model.go:103.17,109.4 1 1
failless/internal/pkg/user/usecase/model.go:117.82,119.2 1 1
failless/internal/pkg/user/usecase/model.go:121.81,123.2 1 1
failless/internal/pkg/user/usecase/model.go:125.77,127.16 2 1
failless/internal/pkg/user/usecase/model.go:132.2,135.16 3 1
failless/internal/pkg/user/usecase/model.go:139.2,144.27 5 1
failless/internal/pkg/user/usecase/model.go:127.16,130.3 2 1
failless/internal/pkg/user/usecase/model.go:135.16,137.3 1 1
failless/internal/pkg/user/usecase/model.go:147.98,149.32 2 1
failless/internal/pkg/user/usecase/model.go:153.2,153.50 1 1
failless/internal/pkg/user/usecase/model.go:149.32,152.3 2 0
failless/internal/pkg/user/usecase/model.go:156.74,158.16 2 1
failless/internal/pkg/user/usecase/model.go:163.2,173.56 6 0
failless/internal/pkg/user/usecase/model.go:178.2,178.27 1 0
failless/internal/pkg/user/usecase/model.go:158.16,161.3 2 1
failless/internal/pkg/user/usecase/model.go:173.56,176.3 2 0
failless/internal/pkg/user/usecase/model.go:181.110,183.16 2 1
failless/internal/pkg/user/usecase/model.go:190.2,190.23 1 1
failless/internal/pkg/user/usecase/model.go:183.16,189.3 1 1
failless/internal/pkg/user/usecase/model.go:193.102,197.16 3 1
failless/internal/pkg/user/usecase/model.go:206.2,208.16 3 1
failless/internal/pkg/user/usecase/model.go:217.2,219.23 3 1
failless/internal/pkg/user/usecase/model.go:197.16,203.3 1 1
failless/internal/pkg/user/usecase/model.go:208.16,214.3 1 1
failless/internal/pkg/user/usecase/model.go:223.72,226.32 3 1
failless/internal/pkg/user/usecase/model.go:234.2,235.27 2 1
failless/internal/pkg/user/usecase/model.go:226.32,229.3 2 1
failless/internal/pkg/user/usecase/model.go:229.8,229.23 1 1
failless/internal/pkg/user/usecase/model.go:229.23,232.3 2 1
failless/internal/pkg/user/usecase/model.go:238.68,241.16 2 0
failless/internal/pkg/user/usecase/model.go:245.2,252.35 2 0
failless/internal/pkg/user/usecase/model.go:241.16,243.3 1 0
failless/internal/pkg/vote/repository/sql-memory.go:19.45,21.2 1 0
failless/internal/pkg/vote/repository/sql-memory.go:23.77,25.16 2 1
failless/internal/pkg/vote/repository/sql-memory.go:31.2,31.12 1 1
failless/internal/pkg/vote/repository/sql-memory.go:25.16,29.3 3 1
failless/internal/pkg/vote/repository/sql-memory.go:34.71,44.30 3 0
failless/internal/pkg/vote/repository/sql-memory.go:48.2,48.19 1 0
failless/internal/pkg/vote/repository/sql-memory.go:44.30,46.3 1 0
failless/internal/pkg/vote/delivery/http.go:23.34,27.2 1 0
failless/internal/pkg/vote/delivery/http.go:29.96,32.13 3 1
failless/internal/pkg/vote/delivery/http.go:36.2,38.16 3 1
failless/internal/pkg/vote/delivery/http.go:43.2,43.25 1 1
failless/internal/pkg/vote/delivery/http.go:48.2,49.45 2 1
failless/internal/pkg/vote/delivery/http.go:32.13,34.3 1 1
failless/internal/pkg/vote/delivery/http.go:38.16,41.3 2 1
failless/internal/pkg/vote/delivery/http.go:43.25,46.3 2 1
failless/internal/pkg/vote/delivery/http.go:55.42,57.3 1 0
failless/internal/pkg/vote/delivery/http.go:64.97,83.16 3 0
failless/internal/pkg/vote/delivery/http.go:90.2,91.43 2 0
failless/internal/pkg/vote/delivery/http.go:96.2,96.37 1 0
failless/internal/pkg/vote/delivery/http.go:83.16,87.3 3 0
failless/internal/pkg/vote/delivery/http.go:91.43,94.3 2 0
failless/internal/pkg/vote/usecase/model.go:38.32,43.2 1 0
failless/internal/pkg/vote/usecase/model.go:45.70,50.16 3 1
failless/internal/pkg/vote/usecase/model.go:59.2,59.21 1 1
failless/internal/pkg/vote/usecase/model.go:115.2,115.23 1 1
failless/internal/pkg/vote/usecase/model.go:50.16,56.3 1 1
failless/internal/pkg/vote/usecase/model.go:59.21,63.12 3 1
failless/internal/pkg/vote/usecase/model.go:63.12,70.50 2 1
failless/internal/pkg/vote/usecase/model.go:79.4,79.63 1 0
failless/internal/pkg/vote/usecase/model.go:107.4,111.5 1 0
failless/internal/pkg/vote/usecase/model.go:70.50,77.5 2 1
failless/internal/pkg/vote/usecase/model.go:79.63,81.34 2 0
failless/internal/pkg/vote/usecase/model.go:81.34,83.29 2 0
failless/internal/pkg/vote/usecase/model.go:100.6,100.20 1 0
failless/internal/pkg/vote/usecase/model.go:83.29,91.7 3 0
failless/internal/pkg/vote/usecase/model.go:91.12,91.35 1 0
failless/internal/pkg/vote/usecase/model.go:91.35,99.7 3 0
failless/internal/pkg/vote/usecase/model.go:100.20,101.12 1 0
failless/internal/pkg/vote/usecase/model.go:118.55,119.9 1 1
failless/internal/pkg/vote/usecase/model.go:125.2,125.10 1 0
failless/internal/pkg/vote/usecase/model.go:120.18,121.11 1 1
failless/internal/pkg/vote/usecase/model.go:122.18,123.12 1 1
failless/internal/pkg/vote/usecase/model.go:137.25,138.6 1 0
failless/internal/pkg/vote/usecase/model.go:138.6,141.3 2 0
failless/internal/pkg/vote/usecase/model.go:148.49,150.35 2 0
failless/internal/pkg/vote/usecase/model.go:160.2,160.34 1 0
failless/internal/pkg/vote/usecase/model.go:150.35,151.36 1 0
failless/internal/pkg/vote/usecase/model.go:151.36,153.18 2 0
failless/internal/pkg/vote/usecase/model.go:153.18,156.5 2 0
failless/internal/pkg/vote/usecase/model.go:160.34,162.3 1 0
failless/internal/pkg/vote/usecase/model.go:167.67,168.35 1 0
failless/internal/pkg/vote/usecase/model.go:172.2,180.10 9 0
failless/internal/pkg/vote/usecase/model.go:168.35,170.3 1 0
